# JRE version: OpenJDK Runtime Environment Temurin-17.0.4.1+1 (17.0.4.1+1) (build 17.0.4.1+1)
# Java VM: OpenJDK 64-Bit Server VM Temurin-17.0.4.1+1 (17.0.4.1+1, mixed mode, sharing, tiered, compressed oops, compressed class ptrs, g1 gc, windows-amd64)
GC Precious Log:
 CPUs: 4 total, 4 available
 Memory: 8092M
 Large Page Support: Disabled
 NUMA Support: Disabled
 Compressed Oops: Enabled (32-bit)
 Heap Region Size: 1M
 Heap Min Capacity: 8M
 Heap Initial Capacity: 128M
 Heap Max Capacity: 2024M
 Pre-touch: Disabled
 Parallel Workers: 4
 Concurrent Workers: 1
 Concurrent Refinement Workers: 4
 Periodic GC: Disabled
Heap:
 garbage-first heap   total 51200K, used 35352K [0x0000000081800000, 0x0000000100000000)
  region size 1024K, 3 young (3072K), 2 survivors (2048K)
 Metaspace       used 26508K, committed 26816K, reserved 1073152K
  class space    used 3189K, committed 3328K, reserved 1048576K
GC Heap History (14 events):
Event: 1.245 GC heap before
{Heap before GC invocations=0 (full 0):
 garbage-first heap   total 131072K, used 12288K [0x0000000081800000, 0x0000000100000000)
  region size 1024K, 13 young (13312K), 0 survivors (0K)
 Metaspace       used 4510K, committed 4672K, reserved 1056768K
  class space    used 478K, committed 576K, reserved 1048576K
}
Event: 1.256 GC heap after
{Heap after GC invocations=1 (full 0):
 garbage-first heap   total 131072K, used 5439K [0x0000000081800000, 0x0000000100000000)
  region size 1024K, 2 young (2048K), 2 survivors (2048K)
 Metaspace       used 4510K, committed 4672K, reserved 1056768K
  class space    used 478K, committed 576K, reserved 1048576K
}
Event: 1.750 GC heap before
{Heap before GC invocations=1 (full 0):
 garbage-first heap   total 131072K, used 15679K [0x0000000081800000, 0x0000000100000000)
  region size 1024K, 12 young (12288K), 2 survivors (2048K)
 Metaspace       used 7573K, committed 7744K, reserved 1056768K
  class space    used 831K, committed 896K, reserved 1048576K
}
Event: 1.752 GC heap after
{Heap after GC invocations=2 (full 0):
 garbage-first heap   total 131072K, used 5678K [0x0000000081800000, 0x0000000100000000)
  region size 1024K, 1 young (1024K), 1 survivors (1024K)
 Metaspace       used 7573K, committed 7744K, reserved 1056768K
  class space    used 831K, committed 896K, reserved 1048576K
}
Event: 2.828 GC heap before
{Heap before GC invocations=2 (full 0):
 garbage-first heap   total 131072K, used 30254K [0x0000000081800000, 0x0000000100000000)
  region size 1024K, 26 young (26624K), 1 survivors (1024K)
 Metaspace       used 13720K, committed 13888K, reserved 1064960K
  class space    used 1520K, committed 1600K, reserved 1048576K
}
Event: 2.831 GC heap after
{Heap after GC invocations=3 (full 0):
 garbage-first heap   total 131072K, used 8618K [0x0000000081800000, 0x0000000100000000)
  region size 1024K, 4 young (4096K), 4 survivors (4096K)
 Metaspace       used 13720K, committed 13888K, reserved 1064960K
  class space    used 1520K, committed 1600K, reserved 1048576K
}
Event: 4.236 GC heap before
{Heap before GC invocations=3 (full 0):
 garbage-first heap   total 131072K, used 41386K [0x0000000081800000, 0x0000000100000000)
  region size 1024K, 37 young (37888K), 4 survivors (4096K)
 Metaspace       used 21259K, committed 21504K, reserved 1073152K
  class space    used 2434K, committed 2560K, reserved 1048576K
}
Event: 4.242 GC heap after
{Heap after GC invocations=4 (full 0):
 garbage-first heap   total 131072K, used 12288K [0x0000000081800000, 0x0000000100000000)
  region size 1024K, 7 young (7168K), 7 survivors (7168K)
 Metaspace       used 21259K, committed 21504K, reserved 1073152K
  class space    used 2434K, committed 2560K, reserved 1048576K
}
Event: 9.692 GC heap before
{Heap before GC invocations=5 (full 0):
 garbage-first heap   total 45056K, used 34816K [0x0000000081800000, 0x0000000100000000)
  region size 1024K, 25 young (25600K), 7 survivors (7168K)
 Metaspace       used 25504K, committed 25664K, reserved 1073152K
  class space    used 3080K, committed 3136K, reserved 1048576K
}
Event: 9.699 GC heap after
{Heap after GC invocations=6 (full 0):
 garbage-first heap   total 45056K, used 18659K [0x0000000081800000, 0x0000000100000000)
  region size 1024K, 5 young (5120K), 5 survivors (5120K)
 Metaspace       used 25504K, committed 25664K, reserved 1073152K
  class space    used 3080K, committed 3136K, reserved 1048576K
}
Event: 16.678 GC heap before
{Heap before GC invocations=6 (full 0):
 garbage-first heap   total 45056K, used 34019K [0x0000000081800000, 0x0000000100000000)
  region size 1024K, 17 young (17408K), 5 survivors (5120K)
 Metaspace       used 26433K, committed 26688K, reserved 1073152K
  class space    used 3189K, committed 3328K, reserved 1048576K
}
Event: 16.682 GC heap after
{Heap after GC invocations=7 (full 0):
 garbage-first heap   total 45056K, used 24453K [0x0000000081800000, 0x0000000100000000)
  region size 1024K, 2 young (2048K), 2 survivors (2048K)
 Metaspace       used 26433K, committed 26688K, reserved 1073152K
  class space    used 3189K, committed 3328K, reserved 1048576K
}
Event: 23.693 GC heap before
{Heap before GC invocations=8 (full 0):
 garbage-first heap   total 51200K, used 34693K [0x0000000081800000, 0x0000000100000000)
  region size 1024K, 8 young (8192K), 2 survivors (2048K)
 Metaspace       used 26507K, committed 26816K, reserved 1073152K
  class space    used 3189K, committed 3328K, reserved 1048576K
}
Event: 23.695 GC heap after
{Heap after GC invocations=9 (full 0):
 garbage-first heap   total 51200K, used 30232K [0x0000000081800000, 0x0000000100000000)
  region size 1024K, 2 young (2048K), 2 survivors (2048K)
 Metaspace       used 26507K, committed 26816K, reserved 1073152K
  class space    used 3189K, committed 3328K, reserved 1048576K
}

