<?xml version="1.0" encoding="UTF-8"?>
<!-- Generated by org.testng.reporters.JUnitXMLReporter -->
<testsuite ignored="2" hostname="DESKTOP-6EVPK3P" failures="0" tests="0" time="0.007" errors="0" timestamp="2023-03-06T23:13:48 IST">
  <testcase classname="com.rahulshettyacademy.www.Selenium.Error_Validations" name="zincorrect_login" time="0.0">
    <ignored/>
  </testcase> <!-- zincorrect_login -->
  <testcase classname="com.rahulshettyacademy.www.Selenium.Error_Validations" name="ProductErrorValidation" time="0.0">
    <ignored/>
  </testcase> <!-- ProductErrorValidation -->
</testsuite>
