<?xml version="1.0" encoding="UTF-8"?>
<!-- Generated by org.testng.reporters.JUnitXMLReporter -->
<testsuite ignored="1" hostname="DESKTOP-6EVPK3P" failures="1" tests="1" name="Test" time="0.052" errors="0" timestamp="2023-03-02T01:41:54 IST">
  <testcase classname="com.rahulshettyacademy.www.Selenium.Error_Validations" name="incorrect_login" time="0.008">
    <failure type="java.lang.NullPointerException" message="Cannot invoke &amp;quot;website_Pageobjects.LoginPage.login(String, String)&amp;quot; because &amp;quot;this.loginpage&amp;quot; is null">
      <![CDATA[java.lang.NullPointerException: Cannot invoke "website_Pageobjects.LoginPage.login(String, String)" because "this.loginpage" is null
at com.rahulshettyacademy.www.Selenium.Error_Validations.incorrect_login(Error_Validations.java:24)
at java.base/java.util.ArrayList.forEach(ArrayList.java:1511)
... Removed 27 stack frames]]>
    </failure>
  </testcase> <!-- incorrect_login -->
  <testcase classname="com.rahulshettyacademy.www.Selenium.Error_Validations" name="ProductErrorValidation" time="0.0">
    <ignored/>
  </testcase> <!-- ProductErrorValidation -->
</testsuite> <!-- Test -->
